therion 6.1.2 (2022-07-11)
  - using Proj 9.1.0, compiled against 9.1.0
initialization file: /usr/local/etc/therion.ini
reading ... done
checking optional fonts csr10 csti10 csbx10 csss10 csssi10 ... OK
checking optional fonts cmcyr10 cmcti10 cmcbx10 cmcss10 cmcssi10 ... OK
configuration file: config.thconfig
reading ... done
reading source files ... done
preprocessing database ... done
output coordinate system: UTM18S
meridian convergence (deg): -0.1213
geomag declinations (deg):
  2008.1.1  15.5513
  2009.1.1  15.4742
  2010.1.1  15.3965
  2011.1.1  15.3239
  2012.1.1  15.2507
  2013.1.1  15.1771
  2014.1.1  15.1030
  2015.1.1  15.0284
  2016.1.1  14.9431
  2017.1.1  14.8572
  2018.1.1  14.7707
  2019.1.1  14.6837
  2020.1.1  14.5961
  2021.1.1  14.5005
  2022.1.1  14.4043
  2023.1.1  14.3074
  2024.1.1  14.2100
scanning centreline tree ... done
searching for centerline loops ... done
calculating station coordinates ... done
average loop error: 3.47%
processing survey data ... 
####################### cavern log file ########################
 1> Survex 1.4.3
 2> Copyright © 1990-2021 Olly Betts
 3> /tmp/th73242/data.svx:5643: warning: Unused fixed point “4910”
 4> /tmp/th73242/data.svx:5644: warning: Unused fixed point “4911”
 5> /tmp/th73242/data.svx:5645: warning: Unused fixed point “4912”
 6> /tmp/th73242/data.svx:5646: warning: Unused fixed point “4913”
 7> /tmp/th73242/data.svx:5647: warning: Unused fixed point “4914”
 8> /tmp/th73242/data.svx:5648: warning: Unused fixed point “4915”
 9> /tmp/th73242/data.svx:5649: warning: Unused fixed point “4916”
10> /tmp/th73242/data.svx:5650: warning: Unused fixed point “4917”
11> /tmp/th73242/data.svx:5651: warning: Unused fixed point “4918”
12> /tmp/th73242/data.svx:5652: warning: Unused fixed point “4919”
13> /tmp/th73242/data.svx:5653: warning: Unused fixed point “4920”
14> /tmp/th73242/data.svx:5654: warning: Unused fixed point “4921”
15> /tmp/th73242/data.svx:5655: warning: Unused fixed point “4922”
16> /tmp/th73242/data.svx:5656: warning: Unused fixed point “4923”
17> /tmp/th73242/data.svx:5657: warning: Unused fixed point “4924”
18> /tmp/th73242/data.svx:5658: warning: Unused fixed point “4925”
19> /tmp/th73242/data.svx:5659: warning: Unused fixed point “4926”
20> /tmp/th73242/data.svx:5660: warning: Unused fixed point “4927”
21> /tmp/th73242/data.svx:5664: warning: Unused fixed point “4931”
22> /tmp/th73242/data.svx:5665: warning: Unused fixed point “4932”
23> /tmp/th73242/data.svx:5666: warning: Unused fixed point “4933”
24> /tmp/th73242/data.svx:5667: warning: Unused fixed point “4934”
25> /tmp/th73242/data.svx:5668: warning: Unused fixed point “4935”
26> /tmp/th73242/data.svx:5669: warning: Unused fixed point “4936”
27> /tmp/th73242/data.svx:5670: warning: Unused fixed point “4937”
28> /tmp/th73242/data.svx:5671: warning: Unused fixed point “4938”
29> /tmp/th73242/data.svx:5672: warning: Unused fixed point “4939”
30> /tmp/th73242/data.svx:5674: warning: Unused fixed point “4941”
31> /tmp/th73242/data.svx:5675: warning: Unused fixed point “4942”
32> /tmp/th73242/data.svx:5676: warning: Unused fixed point “4943”
33> /tmp/th73242/data.svx:5677: warning: Unused fixed point “4944”
34> /tmp/th73242/data.svx:5678: warning: Unused fixed point “4945”
35> /tmp/th73242/data.svx:5679: warning: Unused fixed point “4946”
36> /tmp/th73242/data.svx:5680: warning: Unused fixed point “4947”
37> /tmp/th73242/data.svx:5681: warning: Unused fixed point “4948”
38> /tmp/th73242/data.svx:5682: warning: Unused fixed point “4949”
39> /tmp/th73242/data.svx:5683: warning: Unused fixed point “4950”
40> /tmp/th73242/data.svx:5684: warning: Unused fixed point “4951”
41> /tmp/th73242/data.svx:5685: warning: Unused fixed point “4952”
42> /tmp/th73242/data.svx:5686: warning: Unused fixed point “4953”
43> /tmp/th73242/data.svx:5687: warning: Unused fixed point “4954”
44> /tmp/th73242/data.svx:5688: warning: Unused fixed point “4955”
45> /tmp/th73242/data.svx:5689: warning: Unused fixed point “4956”
46> /tmp/th73242/data.svx:5690: warning: Unused fixed point “4957”
47> /tmp/th73242/data.svx:5691: warning: Unused fixed point “4958”
48> /tmp/th73242/data.svx:5692: warning: Unused fixed point “4959”
49> /tmp/th73242/data.svx:5693: warning: Unused fixed point “4960”
50> /tmp/th73242/data.svx:5697: warning: Unused fixed point “4964”
51> /tmp/th73242/data.svx:5698: warning: Unused fixed point “4965”
52> /tmp/th73242/data.svx:5699: warning: Unused fixed point “4966”
53> 
54> Survey contains 4967 survey stations, joined by 4919 legs.
55> There are 18 loops.
56> Survey has 66 connected components.
57> Total length of survey legs = 4716.81m (4718.18m adjusted)
58> Total plan length of survey legs = 3929.46m
59> Total vertical length of survey legs = 1948.53m
60> Vertical range = 396.10m (from 2802 at 358.00m to 4871 at -38.10m)
61> North-South range = 1426.98m (from 4908 at 4452810.15m to 2809 at 4451383.17m)
62> East-West range = 2824.65m (from 116 at 490213.69m to 4599 at 487389.04m)
63>   50 0-nodes.
64> 4178 1-nodes.
65>  327 2-nodes.
66>   48 3-nodes.
67>    7 4-nodes.
68>   24 5-nodes.
69>   25 6-nodes.
70>   31 7-nodes.
71>   31 8-nodes.
72>   17 9-nodes.
73>   23 10-nodes.
74>   30 11-nodes.
75>   15 12-nodes.
76>   16 13-nodes.
77>   17 14-nodes.
78>   15 15-nodes.
79>   16 16-nodes.
80>    9 17-nodes.
81>    6 18-nodes.
82>   10 19-nodes.
83>   15 20-nodes.
84>    5 21-nodes.
85>    3 22-nodes.
86>    4 23-nodes.
87>    6 24-nodes.
88>    8 25-nodes.
89>    4 26-nodes.
90>    6 27-nodes.
91>    6 28-nodes.
92>    3 29-nodes.
93>    2 30-nodes.
94>    2 31-nodes.
95>    1 32-node.
96>    3 33-nodes.
97>    2 34-nodes.
98>    1 37-node.
99>    1 42-node.
100> There were 50 warning(s).
101> 
######################### transcription ########################
 3> input:5643 -- 106.th [105]
 3> 4910 : ENT_106002@106
 4> input:5644 -- 106.th [108]
 4> 4911 : ENT_106003@106
 5> input:5645 -- 106.th [111]
 5> 4912 : ENT_106004@106
 6> input:5646 -- 106.th [114]
 6> 4913 : ENT_106005@106
 7> input:5647 -- 106.th [117]
 7> 4914 : ENT_106006@106
 8> input:5648 -- 106.th [120]
 8> 4915 : ENT_106008@106
 9> input:5649 -- 106.th [123]
 9> 4916 : ENT_106009@106
10> input:5650 -- 106.th [126]
10> 4917 : ENT_106010@106
11> input:5651 -- 106.th [129]
11> 4918 : ENT_106011@106
12> input:5652 -- 106.th [132]
12> 4919 : ENT_106012@106
13> input:5653 -- 106.th [135]
13> 4920 : ENT_106013@106
14> input:5654 -- 106.th [138]
14> 4921 : ENT_106014@106
15> input:5655 -- 106.th [141]
15> 4922 : ENT_106015@106
16> input:5656 -- 106.th [144]
16> 4923 : ENT_106016@106
17> input:5657 -- 106.th [147]
17> 4924 : ENT_106017@106
18> input:5658 -- 106.th [150]
18> 4925 : ENT_106018@106
19> input:5659 -- 106.th [153]
19> 4926 : ENT_106019@106
20> input:5660 -- 106.th [156]
20> 4927 : ENT_106020@106
21> input:5664 -- 106.th [175]
21> 4931 : ENT_106024@106
22> input:5665 -- 106.th [180]
22> 4932 : ENT_106025@106
23> input:5666 -- 106.th [185]
23> 4933 : ENT_106026@106
24> input:5667 -- 106.th [190]
24> 4934 : ENT_106027@106
25> input:5668 -- 106.th [195]
25> 4935 : ENT_106028@106
26> input:5669 -- 106.th [200]
26> 4936 : ENT_106029@106
27> input:5670 -- 106.th [205]
27> 4937 : ENT_106030@106
28> input:5671 -- 106.th [210]
28> 4938 : ENT_106031@106
29> input:5672 -- 106.th [215]
29> 4939 : ENT_106032@106
30> input:5674 -- 106.th [225]
30> 4941 : ENT_106034@106
31> input:5675 -- 106.th [230]
31> 4942 : ENT_106035@106
32> input:5676 -- 106.th [235]
32> 4943 : ENT_106036@106
33> input:5677 -- 106.th [240]
33> 4944 : ENT_106037@106
34> input:5678 -- 106.th [245]
34> 4945 : ENT_106038@106
35> input:5679 -- 106.th [250]
35> 4946 : ENT_106039@106
36> input:5680 -- 106.th [255]
36> 4947 : ENT_106040@106
37> input:5681 -- 106.th [260]
37> 4948 : ENT_106041@106
38> input:5682 -- 106.th [265]
38> 4949 : ENT_106042@106
39> input:5683 -- 106.th [270]
39> 4950 : ENT_106043@106
40> input:5684 -- 106.th [275]
40> 4951 : ENT_106044@106
41> input:5685 -- 106.th [280]
41> 4952 : ENT_106045@106
42> input:5686 -- 106.th [285]
42> 4953 : ENT_106046@106
43> input:5687 -- 106.th [290]
43> 4954 : ENT_106047@106
44> input:5688 -- 106.th [295]
44> 4955 : ENT_106048@106
45> input:5689 -- 106.th [300]
45> 4956 : ENT_106049@106
46> input:5690 -- 106.th [305]
46> 4957 : ENT_106050@106
47> input:5691 -- 106.th [310]
47> 4958 : ENT_106051@106
48> input:5692 -- 106.th [315]
48> 4959 : ENT_106052@106
49> input:5693 -- 106.th [320]
49> 4960 : ENT_106053@106
50> input:5697 -- 106.th [340]
50> 4964 : ENT_106058@106
51> input:5698 -- 106.th [345]
51> 4965 : ENT_106059@106
52> input:5699 -- 106.th [350]
52> 4966 : ENT_106060@106
54> 4967 : ENT_106061@106 -- 4919 : ENT_106012@106
55> 18 : 18@a.Anglais2008.CuevaPirates.106
56> 66 : 70@b.Anglais2008.CuevaPirates.106
60> 2802 : 0@Entree.AvenDesArchesPerdues.106 -- 4871 : 5@ResurgenceGolondrina.106
61> 4908 : 42@ResurgenceGolondrina.106 -- 2809 : 7@Entree.AvenDesArchesPerdues.106
62> 116 : 124@c.Anglais2008.CuevaPirates.106 -- 4599 : .@PerteChampis.106
63> 50 : 54@b.Anglais2008.CuevaPirates.106
64> 4178 : .@Entree.GouffreDuBowling.106
65> 327 : .@PiratesJonction.CuevaPirates.106
66> 48 : 52@b.Anglais2008.CuevaPirates.106
67> 7 : 7@a.Anglais2008.CuevaPirates.106
68> 24 : 24@a.Anglais2008.CuevaPirates.106
69> 25 : 25@a.Anglais2008.CuevaPirates.106
70> 31 : 31@a.Anglais2008.CuevaPirates.106
71> 31 : 31@a.Anglais2008.CuevaPirates.106
72> 17 : 17@a.Anglais2008.CuevaPirates.106
73> 23 : 23@a.Anglais2008.CuevaPirates.106
74> 30 : 30@a.Anglais2008.CuevaPirates.106
75> 15 : 15@a.Anglais2008.CuevaPirates.106
76> 16 : 16@a.Anglais2008.CuevaPirates.106
77> 17 : 17@a.Anglais2008.CuevaPirates.106
78> 15 : 15@a.Anglais2008.CuevaPirates.106
79> 16 : 16@a.Anglais2008.CuevaPirates.106
80> 9 : 9@a.Anglais2008.CuevaPirates.106
81> 6 : 6@a.Anglais2008.CuevaPirates.106
82> 10 : 10@a.Anglais2008.CuevaPirates.106
83> 15 : 15@a.Anglais2008.CuevaPirates.106
84> 5 : 5@a.Anglais2008.CuevaPirates.106
85> 3 : 3@a.Anglais2008.CuevaPirates.106
86> 4 : 4@a.Anglais2008.CuevaPirates.106
87> 6 : 6@a.Anglais2008.CuevaPirates.106
88> 8 : 8@a.Anglais2008.CuevaPirates.106
89> 4 : 4@a.Anglais2008.CuevaPirates.106
90> 6 : 6@a.Anglais2008.CuevaPirates.106
91> 6 : 6@a.Anglais2008.CuevaPirates.106
92> 3 : 3@a.Anglais2008.CuevaPirates.106
93> 2 : 1@a.Anglais2008.CuevaPirates.106
94> 2 : 1@a.Anglais2008.CuevaPirates.106
95> 1 : 2@a.Anglais2008.CuevaPirates.106
96> 3 : 3@a.Anglais2008.CuevaPirates.106
97> 2 : 1@a.Anglais2008.CuevaPirates.106
98> 1 : 2@a.Anglais2008.CuevaPirates.106
99> 1 : 2@a.Anglais2008.CuevaPirates.106
100> 50 : 54@b.Anglais2008.CuevaPirates.106
#################### end of cavern log file ####################
done
calculating basic statistics ... done
processing extended elevation ... done
processing references ... done
selecting export objects ... done
writing 106.3d ... done
writing 106.kml ... done
writing 106.html ... done
writing 106.lox ...
processing projection plan ... done
average distortion: 0.91%
........
therion: warning -- entrance-p@Anglais2008.CuevaPirates.106 -- multiple scrap outer outlines not supported yet
....................
therion: warning -- Pirates2008-1p@Pirates2008.CuevaPirates.106 -- multiple scrap outer outlines not supported yet
..
therion: warning -- Pirates2008-2p@Pirates2008.CuevaPirates.106 -- multiple scrap outer outlines not supported yet
..
therion: warning -- FenetreMeteo-1p@FenetreMeteo.AvenDesArchesPerdues.106 -- multiple scrap outer outlines not supported yet
.
therion: warning -- FenetreMeteo-2p@FenetreMeteo.AvenDesArchesPerdues.106 -- invalid scrap outline
..
therion: warning -- Suite-2p@Suite.GouffrePlusPlus.106 -- invalid scrap outline
..
therion: warning -- Entree-1p@Entree.GouffreDuBowling.106 -- multiple scrap outer outlines not supported yet
therion: warning -- Entree-1p@Entree.GouffreDuBowling.106 -- invalid scrap outline
.. done
compilation time: 10 sec


######################### loop errors ##########################
REL-ERR ABS-ERR TOTAL-L STS X-ERROR Y-ERROR Z-ERROR STATIONS
 10.06%   12.6m  125.7m  24   -2.9m    8.6m   -8.8m [2@PiratesJonction.CuevaPirates.106 - 20 - 21 - 24 - 25 - 26 - 27 - 28 - 29 = 12@a.Anglais2008.CuevaPirates.106 - 11 - 10 - 9 - 8 = 6@SalinasNew4.CuevaPirates.106 - 5 - 7 - 8 - 9 - 10 = 15@PiratesJonction.CuevaPirates.106 - 16 - 17 - 18 - 19 - 4 - 3 - 2]
  9.60%    3.2m   32.9m   6    0.5m    3.1m    0.0m [22@ResurgenceGolondrina.106 - 35 - 32 - 31 - 25 - 23 - 22]
  7.82%    5.8m   74.8m  15    1.1m    5.7m   -0.2m [15@PiratesJonction.CuevaPirates.106 - 16 - 17 - 18 - 19 - 4 - 5 - 6 - 7 - 9 - 10 - 11 - 12 - 13 - 14 - 15]
  5.45%    3.6m   65.9m  13    2.8m    1.5m   -1.7m [C@Pirates2008.CuevaPirates.106 - U - T - S - R - Q - P - O - J - I - F - E - D - C]
  3.69%    4.5m  120.8m  17    2.2m   -3.8m    0.8m [100@Pirates2008.CuevaPirates.106 - 33 - 32 - 31 - 30 - A - B - C - U - 108 - 107 - 106 - 105 - 104 - 103 - 102 - 101 - 100]
  2.26%    9.6m  426.7m  41    5.2m   -4.5m    6.7m [55@b.Anglais2008.CuevaPirates.106 - 54 - 53 - 52 - 51 - 50 - 1 = 1@a.Anglais2008.CuevaPirates.106 - 2 - 3 - 4 - 5 - 6 - 7 - 8 - 9 - 10 - 11 - 12 - 13 - 14 - 19 - 20 - 21 = 21@e.Anglais2008.CuevaPirates.106 - 200 - 201 - 202 - 206 - 207 - 208 - 209 - 210 - 211 - 214 - 215 - 163 = 163@d.Anglais2008.CuevaPirates.106 - 162 - 161 - 160 - 159 - 158 - 157 - 55 = 55@b.Anglais2008.CuevaPirates.106]
  2.22%    1.0m   44.7m   8    0.4m   -0.0m   -0.9m [17@c.Anglais2008.CuevaPirates.106 - 127 - 117 - 112 - 110 - 109 - 108 - 107 - 17]
  2.08%    5.4m  259.3m  37   -1.7m   -5.0m   -0.9m [J@Pirates2008.CuevaPirates.106 - K - L - M - N - N1 = 24@a.Anglais2008.CuevaPirates.106 - 25 - 26 - 27 - 28 - 29 - 30 - 31 - 32 - 33 - 34 - 35 - 36 - 37 - 38 - 39 - 40 - 41 - 42 - 43 - 44 = 100@Pirates2008.CuevaPirates.106 - 33 - 32 - 31 - 30 - A - B - C - D - E - F - I - J]
  1.91%    4.7m  245.4m  25    0.6m    1.0m   -4.5m [21@e.Anglais2008.CuevaPirates.106 - 200 - 201 - 202 - 206 - 207 - 208 - 209 - 210 - 211 = 211@PiratesJonction.CuevaPirates.106 - 0 - 1 - 2 - 20 - 21 - 24 - 25 - 26 - 27 - 28 - 29 = 12@a.Anglais2008.CuevaPirates.106 - 13 - 14 - 19 - 20 - 21 = 21@e.Anglais2008.CuevaPirates.106]
  1.61%    2.1m  131.9m  18    2.1m    0.2m   -0.2m [6@SalinasNew4.CuevaPirates.106 - 5 - 4 - 3 - 2 - 1 = 0@SalinasNew5.CuevaPirates.106 - 1 - 2 - 3 - 4 - 5 - 6 = 1@a.Anglais2008.CuevaPirates.106 - 2 - 3 - 4 - 5 - 6 - 7 - 8 = 6@SalinasNew4.CuevaPirates.106]
  1.32%    1.3m   96.0m  15   -0.7m    0.9m   -0.5m [211@PiratesJonction.CuevaPirates.106 - 0 - 1 - 2 - 3 - 4 - 5 - 6 - 7 - 8 - 161 = 161@d.Anglais2008.CuevaPirates.106 - 162 - 163 = 163@e.Anglais2008.CuevaPirates.106 - 215 - 214 - 211 = 211@PiratesJonction.CuevaPirates.106]
  1.20%    2.8m  232.6m  32   -0.2m   -1.7m    2.2m [161@d.Anglais2008.CuevaPirates.106 - 160 - 159 - 158 - 157 - 55 = 55@b.Anglais2008.CuevaPirates.106 - 54 - 53 - 52 - 51 - 50 - 1 = 1@a.Anglais2008.CuevaPirates.106 - 2 - 3 - 4 - 5 - 6 - 7 - 8 = 6@SalinasNew4.CuevaPirates.106 - 5 - 7 - 8 - 9 - 10 = 15@PiratesJonction.CuevaPirates.106 - 14 - 13 - 12 - 11 - 10 - 9 - 7 - 8 - 161 = 161@d.Anglais2008.CuevaPirates.106]
##################### end of loop errors #######################


###################### scrap distortions #######################
 PROJECTION: plan
 AVERAGE  MAXIMAL  SCRAP
   3.66%   89.20%  PiratesJonction-2p@PiratesJonction.CuevaPirates.106
   9.81%   78.96%  cairnchamber-p@Anglais2008.CuevaPirates.106
   1.02%   58.95%  muddyhollows-p@Anglais2008.CuevaPirates.106
   1.93%   53.23%  SalinasNew4-1p@SalinasNew4.CuevaPirates.106
   0.51%   39.97%  PrioriteADroite-3p@PrioriteADroite.CuevaPirates.106
   0.66%   39.69%  sumpofdoom-p@Anglais2008.CuevaPirates.106
   0.15%   38.67%  SalinasNew2-1p@Ascension.CuevaPirates.106
   0.30%   37.29%  Hacienda_Salinas_5new-1p@SalinasNew5.CuevaPirates.106
   1.12%   33.66%  cairnchamber-2p@Anglais2008.CuevaPirates.106
   0.50%   33.22%  Hacienda_Salinas_3new-1p@SalinasNew3.CuevaPirates.106
   2.27%   32.26%  PiratesJonction-1p@PiratesJonction.CuevaPirates.106
  28.90%   32.13%  entrance-p@Anglais2008.CuevaPirates.106
   0.46%   28.90%  stalchamber-p@Anglais2008.CuevaPirates.106
   0.08%   28.15%  whiterhino-p@Anglais2008.CuevaPirates.106
   0.49%   27.42%  Pirates2008-1p@Pirates2008.CuevaPirates.106
   0.07%   24.76%  PinceMi-1p@PinceMi.CuevaPirates.106
   0.16%   24.07%  PrioriteADroite-1p@PrioriteADroite.CuevaPirates.106
   0.19%   22.35%  waterworld-p@Anglais2008.CuevaPirates.106
   0.62%   19.28%  DodgyPlumbingResurvey-1p@DodgyPlumbingResurvey.CuevaPirates.106
   0.16%   19.03%  UnCaillouDansLaCulotte-1p@UnCaillouDansLaCulotte.CuevaPirates.106
   1.13%   17.17%  Pirates2008-3p@Pirates2008.CuevaPirates.106
   0.12%   13.75%  Girafe-1p@Girafe.CuevaPirates.106
   0.16%    5.77%  Suite-1p@Suite.GouffrePlusPlus.106
   0.27%    5.55%  stalchamberwest-p@Anglais2008.CuevaPirates.106
   0.06%    3.66%  Entree-1p@Entree.GouffreDuBowling.106
   0.08%    3.32%  muddyhollows-2p@Anglais2008.CuevaPirates.106
   0.04%    2.47%  GouffreDejaVu-2p@GouffreDejaVu.106
   0.03%    1.99%  GouffreDejaVu-1p@GouffreDejaVu.106
   0.03%    1.49%  FenetreMeteo-2p@FenetreMeteo.AvenDesArchesPerdues.106
   0.13%    1.46%  Pirates2008-2p@Pirates2008.CuevaPirates.106
   0.03%    0.67%  whiterhino-3p@Anglais2008.CuevaPirates.106
   0.02%    0.66%  FenetreMeteo-1p@FenetreMeteo.AvenDesArchesPerdues.106
   0.10%    0.45%  Suite-2p@Suite.GouffrePlusPlus.106
   0.04%    0.39%  Suite-3p@Suite.GouffrePlusPlus.106
   0.00%    0.00%  whiterhino-2p@Anglais2008.CuevaPirates.106
   0.00%    0.00%  PrioriteADroite-2p@PrioriteADroite.CuevaPirates.106
   0.00%    0.00%  SalinasNew4-1p1@SalinasNew4.CuevaPirates.106
   0.00%    0.00%  DUPLICATE_haciendas_salinas-1p@Anglais2008.CuevaPirates.106
   0.00%    0.00%  DELETE-ME-survey-legs-DUPLICATE_haciendas_salinas-p@Anglais2008.CuevaPirates.106
################### end of scrap distortions ###################

############# CRS transformations chosen by PROJ ###############
  Area of Use (AoU): (-75.185, -50.097) (-75.131, -50.067)
  [UTM18S → LONG-LAT] AoU: [yes] transformation: [Inverse of UTM zone 18S + axis order change (2D)] definition: [proj=pipeline step inv proj=utm zone=18 south ellps=WGS84 step proj=unitconvert xy_in=rad xy_out=deg] accuracy: [0.000 m]
  [UTM18S → LAT-LONG] AoU: [no] transformation: [Inverse of UTM zone 18S + axis order change (2D)] definition: [proj=pipeline step inv proj=utm zone=18 south ellps=WGS84 step proj=unitconvert xy_in=rad xy_out=deg] accuracy: [0.000 m]
  [UTM18S → UTM18S] AoU: [yes] transformation: [Inverse of UTM zone 18S + UTM zone 18S] definition: [proj=noop ellps=GRS80] accuracy: [0.000 m]
  [UTM18S → EPSG:4326] AoU: [yes] transformation: [Inverse of UTM zone 18S + axis order change (2D)] definition: [proj=pipeline step inv proj=utm zone=18 south ellps=WGS84 step proj=unitconvert xy_in=rad xy_out=deg] accuracy: [0.000 m]
  [EPSG:4326 → UTM18S] AoU: [yes] transformation: [axis order change (2D) + UTM zone 18S] definition: [proj=pipeline step proj=unitconvert xy_in=deg xy_out=rad step proj=utm zone=18 south ellps=WGS84] accuracy: [0.000 m]
########## end of CRS transformations chosen by PROJ ###########
