therion 6.1.2 (2022-07-11)
  - using Proj 9.0.0, compiled against 9.0.0
initialization file: C:\Users\User\AppData\Local\Therion/therion.ini
reading ... done
configuration file: c:\Users\User\Documents\ultima-patagonia-topo\therion\data\109\QuatreEntreesPlusUne\config.thconfig
reading ... done
reading source files ... done
preprocessing database ... done
scanning centreline tree ... done
searching for centerline loops ... done
calculating station coordinates ... done
processing survey data ... 
####################### cavern log file ########################
 1> Survex 1.2.42
 2> Copyright ¸ 1990-2018 Olly Betts
 3> Survey has no fixed points. Therefore I've fixed 1 at (0,0,0)
 4> 
 5> Survey contains 30 survey stations, joined by 29 legs.
 6> There are 0 loops.
 7> Total length of survey legs =  341.20m ( 341.20m adjusted)
 8> Total plan length of survey legs =  237.48m
 9> Total vertical length of survey legs =  177.61m
10> Vertical range = 71.61m (from 14 at 39.78m to 25 at -31.83m)
11> North-South range = 56.84m (from 23 at 19.55m to 14 at -37.29m)
12> East-West range = 72.80m (from 29 at 18.78m to 10 at -54.02m)
13>    5 1-nodes.
14>   22 2-nodes.
15>    3 3-nodes.
16> 
######################### transcription ########################
 3> 1 : 0@QuatreEntreesPlusUne
 5> 30 : 70@QuatreEntreesPlusUne -- 29 : 60@QuatreEntreesPlusUne
10> 14 : 10@QuatreEntreesPlusUne -- 25 : 56@QuatreEntreesPlusUne
11> 23 : 54@QuatreEntreesPlusUne -- 14 : 10@QuatreEntreesPlusUne
12> 29 : 60@QuatreEntreesPlusUne -- 10 : 6@QuatreEntreesPlusUne
13> 5 : 4@QuatreEntreesPlusUne
14> 22 : 53@QuatreEntreesPlusUne
15> 3 : 2@QuatreEntreesPlusUne
#################### end of cavern log file ####################
done
calculating basic statistics ... done
processing extended elevation ... done
processing references ... done
selecting export objects ... done
processing projection plan ... done
average distortion: 0.00%


############### export maps & scraps selection #################
M    -1.12 m-all-p@QuatreEntreesPlusUne ()
S     8.43 QuatreEntreesPlusUne-1p@QuatreEntreesPlusUne ()
S    -2.92 QuatreEntreesPlusUne-2p@QuatreEntreesPlusUne ()
S    -8.89 QuatreEntreesPlusUne-3p@QuatreEntreesPlusUne ()
########## end of export maps & scraps selection ###############
writing outputs/QuatreEntreesPlusUne.pdf ...
####################### metapost log file ########################
This is MetaPost, version 2.01 (TeX Live 2021/W32TeX) (kpathsea version 6.3.3)  19 JAN 2023 13:45
**data.mp
(c:/Users/User/AppData/Local/Therion/texmf/mpost/mpost.mp
(c:/Users/User/AppData/Local/Therion/texmf/mpost/plain.mp
Preloading the plain mem file, version 1.005) ) (./data.mp
{randomseed:=42}
 [1] [2] [3] [4]
[5] [6] [7] [8] [9] [10] [11] [12] [13] [14]
[15]
Warning: patterncolor not supported in Therion [16] [17]
[Warning: undefined symbol `l_survey_surface_MY']
[Warning: undefined symbol `l_wall_bedrock_MY']
[Warning: undefined symbol `l_wall_clay_MY']
[Warning: undefined symbol `l_wall_pebbles_MY']
[Warning: undefined symbol `l_wall_presumed_MY']
[Warning: undefined symbol `l_wall_sand_MY']
[Warning: undefined symbol `l_wall_underlying_MY']
[Warning: undefined symbol `l_wall_unsurveyed_MY']
[Warning: undefined symbol `l_wall_pit_MY']
[Warning: undefined symbol `l_wall_overlying_MY']
[Warning: undefined symbol `l_wall_moonmilk_MY']
[Warning: undefined symbol `l_wall_flowstone_MY']
[Warning: undefined symbol `p_airdraught_summer_MY']
[Warning: undefined symbol `p_airdraught_winter_MY'] [1]
[Warning: scrap outline intersects itself in scrap QuatreEntreesPlusUne-3p@Quat
reEntreesPlusUne] [2] [3] [4] [5] [6] [7] [8] [9] [10] [11] [12] [13]
(./mptextmp.mp) (./mptextmp.mp) (./mptextmp.mp) (./mptextmp.mp) (./mptextmp.mp)
(./mptextmp.mp) (./mptextmp.mp) [14] )
 
Here is how much of MetaPost's memory you used:
 12267 strings using 293924 characters
 3272616 bytes of node memory
 1810 symbolic tokens
 11i,82n,16p,425b,5f stack positions out of 16i,98n,20p,487b,6f
31 output files written: data-patt.1 .. data-patt.17


#################### end of metapost log file ####################
converting scraps ... done
making map ... done
######################## pdftex log file #########################
This is pdfTeX, Version 3.141592653-2.6-1.40.22 (TeX Live 2021/W32TeX) (preloaded format=pdftex 2021.6.19)  19 JAN 2023 13:45
entering extended mode
**data.tex
(./data.tex (./th_enc.tex) (./th_texts.tex) (./th_resources.tex
(c:/Users/User/AppData/Local/Therion/texmf/tex/glyphtounicode.tex))
(./th_fontdef.tex{c:/Users/User/AppData/Local/Therion/texmf/fonts/pdftex.map})
(./th_formdef.tex) (./th_pagedef.tex <c:/Users/User/Documents/ultima-patagonia-
topo/therion/data/109/QuatreEntreesPlusUne/../../../logo/CT-LOGO-150x150-BLACK-
ALPHA-FR.jpg>) (./th_pages.tex)
 67 numeric registers used out of 32768
 [1] ) 
Here is how much of TeX's memory you used:
 295 strings out of 94604
 4099 string characters out of 1142524
 262955 words of memory out of 5217683
 1948 multiletter control sequences out of 15000+50000
 22547 words of font info for 69 fonts, out of 1000000 for 2000
 1416 hyphenation exceptions out of 5000
 8i,5n,7p,355b,40s stack positions out of 5000i,500n,10000p,200000b,50000s
<c:/Users/User/AppData/Local/Therion/texmf/fonts/type1/cmbx10.pfb><c:/Use
rs/User/AppData/Local/Therion/texmf/fonts/type1/cmss10.pfb><c:/Users/User/AppDa
ta/Local/Therion/texmf/fonts/type1/cmssi10.pfb><c:/Users/User/AppData/Local/The
rion/texmf/fonts/type1/csbx10.pfb><c:/Users/User/AppData/Local/Therion/texmf/fo
nts/type1/csss10.pfb>
Output written on data.pdf (1 page, 147107 bytes).
PDF statistics:
 90 PDF objects out of 1000 (max. 8388607)
 50 compressed objects within 1 object stream
 0 named destinations out of 1000 (max. 500000)
 180 words of extra memory for PDF output out of 10000 (max. 10000000)


##################### end of pdftex log file #####################
done


############### export maps & scraps selection #################
M    -1.12 m-all-p@QuatreEntreesPlusUne ()
S     8.43 QuatreEntreesPlusUne-1p@QuatreEntreesPlusUne ()
S    -2.92 QuatreEntreesPlusUne-2p@QuatreEntreesPlusUne ()
S    -8.89 QuatreEntreesPlusUne-3p@QuatreEntreesPlusUne ()
########## end of export maps & scraps selection ###############
writing outputs/QuatreEntreesPlusUne.svg ...
####################### metapost log file ########################
This is MetaPost, version 2.01 (TeX Live 2021/W32TeX) (kpathsea version 6.3.3)  19 JAN 2023 13:45
**data.mp
(c:/Users/User/AppData/Local/Therion/texmf/mpost/mpost.mp
(c:/Users/User/AppData/Local/Therion/texmf/mpost/plain.mp
Preloading the plain mem file, version 1.005) ) (./data.mp
{randomseed:=42}
 [1] [2] [3] [4]
[5] [6] [7] [8] [9] [10] [11] [12] [13] [14]
[15]
Warning: patterncolor not supported in Therion [16] [17]
[Warning: undefined symbol `l_survey_surface_MY']
[Warning: undefined symbol `l_wall_bedrock_MY']
[Warning: undefined symbol `l_wall_clay_MY']
[Warning: undefined symbol `l_wall_pebbles_MY']
[Warning: undefined symbol `l_wall_presumed_MY']
[Warning: undefined symbol `l_wall_sand_MY']
[Warning: undefined symbol `l_wall_underlying_MY']
[Warning: undefined symbol `l_wall_unsurveyed_MY']
[Warning: undefined symbol `l_wall_pit_MY']
[Warning: undefined symbol `l_wall_overlying_MY']
[Warning: undefined symbol `l_wall_moonmilk_MY']
[Warning: undefined symbol `l_wall_flowstone_MY']
[Warning: undefined symbol `p_airdraught_summer_MY']
[Warning: undefined symbol `p_airdraught_winter_MY'] [1]
[Warning: scrap outline intersects itself in scrap QuatreEntreesPlusUne-3p@Quat
reEntreesPlusUne] [2] [3] [4] [5] [6] [7] [8] [9] [10] [11] [12] [13]
(./mptextmp.mp) (./mptextmp.mp) (./mptextmp.mp) (./mptextmp.mp) (./mptextmp.mp)
(./mptextmp.mp) (./mptextmp.mp) [14] )
 
Here is how much of MetaPost's memory you used:
 12267 strings using 293924 characters
 3272616 bytes of node memory
 1810 symbolic tokens
 11i,82n,16p,425b,5f stack positions out of 16i,98n,20p,487b,6f
31 output files written: data-patt.1 .. data-patt.17


#################### end of metapost log file ####################
converting scraps ... done
making svg map ... done
done
compilation time: 3 sec


###################### scrap distortions #######################
 PROJECTION: plan
 AVERAGE  MAXIMAL  SCRAP
   0.01%    0.05%  QuatreEntreesPlusUne-3p@QuatreEntreesPlusUne
   0.00%    0.03%  QuatreEntreesPlusUne-1p@QuatreEntreesPlusUne
   0.00%    0.00%  QuatreEntreesPlusUne-2p@QuatreEntreesPlusUne
   0.00%    0.00%  DELETE-ME-survey-legs-QuatreEntreesPlusUne-p@QuatreEntreesPlusUne
################### end of scrap distortions ###################
